10/Jul/2024 10:48:17  ================================================================================
                      Particle Tracking Solver run
                      ================================================================================

10/Jul/2024 10:48:17  *** Warning ***
                      
                      The mesh at particle source "Beam_starter" has a mesh ratio larger than 5
                      (9.70625) and less than 3 meshlines in one direction. This might lead to an
                      inaccurate emission process.
                      
                      ------------------------------------------------------------------------------
10/Jul/2024 10:48:17  Settings from problem type "Low Frequency" are used for material "Aluminum".
                      This might lead to unwanted results. Consider to add additional settings for
                      problem type "Particle" or delete the "Low Frequency" settings.
                      
                      ------------------------------------------------------------------------------
10/Jul/2024 10:48:17  *** Warning ***
                      
                      This software is licensed for educational purposes only.
                      
                      ------------------------------------------------------------------------------
10/Jul/2024 10:48:21  Solver started at: 10:48 AM Wednesday, 10. July 2024 (Mitteleuropäische Sommerzeit)
                      
                        Module:  Particle Tracking Solver (Win 64)
                        Version: 2023.0 Release from 2022-09-12 (change 1015769)
                      Hardware:
                          Computer name: EST-03-233-03
                      
                      Units settings:
                         Dimensions: mm
                         Frequency:  GHz
                         Time:       ns
10/Jul/2024 10:48:21  Number of CPU threads that can be used: 4
                      
10/Jul/2024 10:48:21  Initializing
10/Jul/2024 10:48:21  Using HEX mesh
                      
                      
                      ------------------------------------------------------------------------------
10/Jul/2024 10:48:21  Initial timestep:     0.000132055 ns
                      Min. Pushes per cell: 5
                      Smallest mesh step:   0.197946 mm
                      Largest  mesh step:   2.15513 mm
                      Charact. mesh step:   0.197946 mm
10/Jul/2024 10:48:21  
                      Adaptive trajectory resampling is active for particle emitter 'Beam_starter' with momentum angle sampling threshold of 
                      0.5°.
                      
                      
                      ------------------------------------------------------------------------------
10/Jul/2024 10:48:21  
                      Pure tracking mode
10/Jul/2024 10:48:21    Max. number of timesteps: 10000
10/Jul/2024 10:48:21    Monitor charge/current:   Yes
10/Jul/2024 10:48:21  Running field solver
10/Jul/2024 10:48:21  Solver started at: 10:48 AM Wednesday, 10. July 2024 (Mitteleuropäische Sommerzeit)
                      
                        Module:  Electrostatic Solver (Win 64)
                        Version: 2023.0 Release from 2022-09-12 (change 1015769)
                      
                        Hardware:
                           Computer name: EST-03-233-03
                      
                      ------------------------------------------------------------------------------
10/Jul/2024 10:48:58  *** Warning ***
                      
10/Jul/2024 10:48:58  1824 mesh cells are represented in staircase mode and have been filled with PEC.
                      4180 mesh faces are represented in staircase mode and have been filled with PEC.
                      535 mesh edges are represented in staircase mode and have been filled with PEC.
                       More...
                      
                      ------------------------------------------------------------------------------
10/Jul/2024 10:48:59  Mesh statistics:
                      
                         Hexahedral mesh type: Perfect Boundary Approximation (PBA)
                            Version: legacy
                      
                         Parallelization type: domain decomposition
                            Number of parallel working threads: 6
                            Number of calculation domains used: 16
                      
                         Acceleration mode: CPU
                         PBA fill limit: 85.00% (inverse)

10/Jul/2024 10:49:02  Electrostatic Solver Results:
                      
                        Accuracy:                     8.473078e-07
                        Desired accuracy:             1.000000e-06
                        Number of iterations:         62
                        Maximum number of iterations: 408100
                      
                      ------------------------------------------------------------------------------
10/Jul/2024 10:49:02  Electrostatic Solver Statistics:
                      
                         Number of threads used:           	4      
                      
                         Number of meshcells:              	391020 
                      
                      Solver Timing Statistics : 
                      
                        Mesh generation:         0d :  0h :  0m : 38s
                        Solver time:             0d :  0h :  0m :  1s
                        Post-processing:         0d :  0h :  0m :  1s
                                             	--------------------------
                        Total time:              0d :  0h :  0m : 40s
                        ----------------------------------------------------------------------------
                                            Peak memory used (kB)         Free physical memory (kB) 
                                                                          At begin     Minimum      
                        ----------------------------------------------------------------------------
                        Matrices calc.      343636                        7791015      7310546      
                        Solver run total    81532                         7820288      7375040      
                        ----------------------------------------------------------------------------
                      
                      
                      
                      ------------------------------------------------------------------------------
10/Jul/2024 10:49:02  
10/Jul/2024 10:49:02  Considered field-monitors:
                                    E-static, Factor: 1.00e+00, Frequency: 0.00e+00Hz, Phase: 0.00e+00deg
                          E-Static Potential, Factor: 1.00e+00, Frequency: 0.00e+00Hz, Phase: 0.00e+00deg
                      Evaluating particle sources
10/Jul/2024 10:50:56  
                      Particle source Beam_starter
10/Jul/2024 10:50:56    Initial number of particles: 53937
10/Jul/2024 10:50:56    Virtual gap distance:        1.01698 mm
10/Jul/2024 10:50:56    Choosing between Thermionic and SCL Emission...
10/Jul/2024 10:50:56  *** Warning ***
                      
10/Jul/2024 10:50:56  Since the electric field close to the particle source is too strong, some particles of source Beam_starter can not be 
                      emitted. Try to increase the SCL reference potential.
                      
                      
                      ------------------------------------------------------------------------------
10/Jul/2024 10:50:56    Decided for Space-charge Limited Emission.
10/Jul/2024 10:50:57  *** Warning ***
                      
10/Jul/2024 10:50:57  Particle source Beam_starter: 37290 particles could not be emitted due to suppression by the emission model.
                      
                      
                      ------------------------------------------------------------------------------
10/Jul/2024 10:50:57  Running time loop...
10/Jul/2024 10:53:48  *** Warning ***
                      
10/Jul/2024 10:53:48  A number of 8706 particle trajectories did not terminate (due to collisions or leaving the simulation region) within the
                      maximal calculation time.
                      Try increasing the simulation time.
                      
                      
                      ------------------------------------------------------------------------------
10/Jul/2024 10:53:48  Time loop finished.
10/Jul/2024 10:53:50  
                      Tracking solver finished
10/Jul/2024 10:53:50    Total number of timesteps: 10000
10/Jul/2024 10:53:50  Statistics for particle source Beam_starter:
                        Initial particle number:              16647
                        Particles collided:                    7845
                        Particles passed away:                    0
                        Particles blocked in emission:            0
                        Particles emitted into solid:            96
                        Particles dying in emission model:    37290
                        Secondary particles created:              0
                        Ionization particles created:             0
                        Final particle number:                 8706
                        Initial timestep                   0.000132055 ns
                        Final timestep                     0.0020805 ns
                        Final simulation time              25.6572 ns
                      
10/Jul/2024 10:53:50      0. Iter.: Current =  -0.00079 A, Charge = -2.03e-11 C, Perveance =  4.88e-05 A/V^(3/2)
10/Jul/2024 10:53:50  Particle Tracking Solver successful.
                      ================================================================================
                      Final statistics including all solvers
                      ================================================================================
                      
                      Number of mesh cells:                   391020    
                      Number of collision triangles:          211574    
                      
                      Solver setup time:                      0         s  
                      Solver loop time:                       327       s  
                      Solver post processing time:            2         s  
                      
                      Total calculation time:                 0h : 5m : 27s
