Unknown:
C:\Users\dasa\Documents\Elektronstrahl_HohlzyliniderCathode\Result\hardware_resources.sconf
C:\Users\dasa\Documents\Elektronstrahl_HohlzyliniderCathode\Result\MCalc.ddi
C:\Users\dasa\Documents\Elektronstrahl_HohlzyliniderCathode\Result\MCalc.log
C:\Users\dasa\Documents\Elektronstrahl_HohlzyliniderCathode\Result\Model.axg
C:\Users\dasa\Documents\Elektronstrahl_HohlzyliniderCathode\Result\Model.coco
C:\Users\dasa\Documents\Elektronstrahl_HohlzyliniderCathode\Result\Model.ddi
C:\Users\dasa\Documents\Elektronstrahl_HohlzyliniderCathode\Result\Model.log
C:\Users\dasa\Documents\Elektronstrahl_HohlzyliniderCathode\Result\Model.sa
C:\Users\dasa\Documents\Elektronstrahl_HohlzyliniderCathode\Result\Model.sam
C:\Users\dasa\Documents\Elektronstrahl_HohlzyliniderCathode\Result\ModelPBA.axg
C:\Users\dasa\Documents\Elektronstrahl_HohlzyliniderCathode\Result\m^fifx.dsc
C:\Users\dasa\Documents\Elektronstrahl_HohlzyliniderCathode\Result\m^fqq.dsc
C:\Users\dasa\Documents\Elektronstrahl_HohlzyliniderCathode\Result\PP-MCalc.log
C:\Users\dasa\Documents\Elektronstrahl_HohlzyliniderCathode\Result\PP-Prio.log
C:\Users\dasa\Documents\Elektronstrahl_HohlzyliniderCathode\Result\p^a.dsc
C:\Users\dasa\Documents\Elektronstrahl_HohlzyliniderCathode\Result\P^m^fbqq.slog
C:\Users\dasa\Documents\Elektronstrahl_HohlzyliniderCathode\Result\P^m^fqq.slog
C:\Users\dasa\Documents\Elektronstrahl_HohlzyliniderCathode\Result\P^p^m.slog
Mesh:
C:\Users\dasa\Documents\Elektronstrahl_HohlzyliniderCathode\Result\AreaFeature_estat_1114113.mat
C:\Users\dasa\Documents\Elektronstrahl_HohlzyliniderCathode\Result\AreaFeature_estat_1114114.mat
C:\Users\dasa\Documents\Elektronstrahl_HohlzyliniderCathode\Result\AreaFeature_estat_1114115.mat
C:\Users\dasa\Documents\Elektronstrahl_HohlzyliniderCathode\Result\AreaFeature_estat_1114116.mat
C:\Users\dasa\Documents\Elektronstrahl_HohlzyliniderCathode\Result\AreaFeature_estat_1114117.mat
C:\Users\dasa\Documents\Elektronstrahl_HohlzyliniderCathode\Result\AreaFeature_estat_1114118.mat
C:\Users\dasa\Documents\Elektronstrahl_HohlzyliniderCathode\Result\AreaFeature_estat_655361.mat
C:\Users\dasa\Documents\Elektronstrahl_HohlzyliniderCathode\Result\dad_estat.mat
C:\Users\dasa\Documents\Elektronstrahl_HohlzyliniderCathode\Result\dA_estat.mat
C:\Users\dasa\Documents\Elektronstrahl_HohlzyliniderCathode\Result\dsd_estat.mat
C:\Users\dasa\Documents\Elektronstrahl_HohlzyliniderCathode\Result\ds_estat.mat
C:\Users\dasa\Documents\Elektronstrahl_HohlzyliniderCathode\Result\ds_estatMCalc.mat
C:\Users\dasa\Documents\Elektronstrahl_HohlzyliniderCathode\Result\Eps_estat.mat
C:\Users\dasa\Documents\Elektronstrahl_HohlzyliniderCathode\Result\FARModel-far.msqlite
C:\Users\dasa\Documents\Elektronstrahl_HohlzyliniderCathode\Result\HexMatrix_estat_MCalc.m2h
C:\Users\dasa\Documents\Elektronstrahl_HohlzyliniderCathode\Result\kadv.mat
C:\Users\dasa\Documents\Elektronstrahl_HohlzyliniderCathode\Result\KappaAdv_estat.mat
C:\Users\dasa\Documents\Elektronstrahl_HohlzyliniderCathode\Result\MCalc.fmp
C:\Users\dasa\Documents\Elektronstrahl_HohlzyliniderCathode\Result\MCalcCCS_c.mson
C:\Users\dasa\Documents\Elektronstrahl_HohlzyliniderCathode\Result\Meta.m2h
C:\Users\dasa\Documents\Elektronstrahl_HohlzyliniderCathode\Result\Meta.mat
C:\Users\dasa\Documents\Elektronstrahl_HohlzyliniderCathode\Result\Meta.msqlite
C:\Users\dasa\Documents\Elektronstrahl_HohlzyliniderCathode\Result\Model-fmf.msqlite
C:\Users\dasa\Documents\Elektronstrahl_HohlzyliniderCathode\Result\Model.cct
C:\Users\dasa\Documents\Elektronstrahl_HohlzyliniderCathode\Result\Model.fmf
C:\Users\dasa\Documents\Elektronstrahl_HohlzyliniderCathode\Result\Model.fmm
C:\Users\dasa\Documents\Elektronstrahl_HohlzyliniderCathode\Result\Model.fpc
C:\Users\dasa\Documents\Elektronstrahl_HohlzyliniderCathode\Result\Model.fwf
C:\Users\dasa\Documents\Elektronstrahl_HohlzyliniderCathode\Result\Model.sid
C:\Users\dasa\Documents\Elektronstrahl_HohlzyliniderCathode\Result\MueNNlinPEC_estat.mat
C:\Users\dasa\Documents\Elektronstrahl_HohlzyliniderCathode\Result\MueNNlin_estat.mat
C:\Users\dasa\Documents\Elektronstrahl_HohlzyliniderCathode\Result\Mue_estat.mat
C:\Users\dasa\Documents\Elektronstrahl_HohlzyliniderCathode\Result\m^fqq.mem
C:\Users\dasa\Documents\Elektronstrahl_HohlzyliniderCathode\Result\PEC.mat
C:\Users\dasa\Documents\Elektronstrahl_HohlzyliniderCathode\Result\p^a.mem
C:\Users\dasa\Documents\Elektronstrahl_HohlzyliniderCathode\Result\p^m.mem
C:\Users\dasa\Documents\Elektronstrahl_HohlzyliniderCathode\Result\Rho_estat.mat
C:\Users\dasa\Documents\Elektronstrahl_HohlzyliniderCathode\Result\S2HMatrix_estat.m2h
Port:
